<?xml version="1.0" encoding="UTF-8" ?>
<testsuite tests="18" failures="0" name="models.EndangeredAnimalTest" time="0.553" errors="1" skipped="0">
  <properties>
    <property name="java.runtime.name" value="OpenJDK Runtime Environment"/>
    <property name="java.vm.version" value="11.0.7+10"/>
    <property name="sun.boot.library.path" value="/home/maureenbett/.sdkman/candidates/java/11.0.7.hs-adpt/lib"/>
    <property name="maven.multiModuleProjectDirectory" value="/home/maureenbett/Desktop/Wildlife-tracker"/>
    <property name="java.vm.vendor" value="AdoptOpenJDK"/>
    <property name="java.vendor.url" value="https://adoptopenjdk.net/"/>
    <property name="guice.disable.misplaced.annotation.check" value="true"/>
    <property name="path.separator" value=":"/>
    <property name="java.vm.name" value="OpenJDK 64-Bit Server VM"/>
    <property name="sun.os.patch.level" value="unknown"/>
    <property name="user.country" value="US"/>
    <property name="sun.java.launcher" value="SUN_STANDARD"/>
    <property name="java.vm.specification.name" value="Java Virtual Machine Specification"/>
    <property name="user.dir" value="/home/maureenbett/Desktop/Wildlife-tracker"/>
    <property name="java.vm.compressedOopsMode" value="32-bit"/>
    <property name="java.runtime.version" value="11.0.7+10"/>
    <property name="java.awt.graphicsenv" value="sun.awt.X11GraphicsEnvironment"/>
    <property name="os.arch" value="amd64"/>
    <property name="java.io.tmpdir" value="/tmp"/>
    <property name="line.separator" value="
"/>
    <property name="java.vm.specification.vendor" value="Oracle Corporation"/>
    <property name="os.name" value="Linux"/>
    <property name="classworlds.conf" value="/usr/share/maven/bin/m2.conf"/>
    <property name="sun.jnu.encoding" value="UTF-8"/>
    <property name="java.library.path" value="/usr/java/packages/lib:/usr/lib64:/lib64:/lib:/usr/lib"/>
    <property name="maven.conf" value="/usr/share/maven/conf"/>
    <property name="jdk.debug" value="release"/>
    <property name="java.class.version" value="55.0"/>
    <property name="java.specification.name" value="Java Platform API Specification"/>
    <property name="sun.management.compiler" value="HotSpot 64-Bit Tiered Compilers"/>
    <property name="os.version" value="5.0.0-32-generic"/>
    <property name="library.jansi.path" value="/usr/share/maven/lib/jansi-native"/>
    <property name="user.home" value="/home/maureenbett"/>
    <property name="user.timezone" value="Africa/Nairobi"/>
    <property name="java.awt.printerjob" value="sun.print.PSPrinterJob"/>
    <property name="file.encoding" value="UTF-8"/>
    <property name="java.specification.version" value="11"/>
    <property name="user.name" value="maureenbett"/>
    <property name="java.class.path" value="/usr/share/maven/boot/plexus-classworlds-2.x.jar"/>
    <property name="java.vm.specification.version" value="11"/>
    <property name="sun.arch.data.model" value="64"/>
    <property name="sun.java.command" value="org.codehaus.plexus.classworlds.launcher.Launcher heroku:deploy"/>
    <property name="java.home" value="/home/maureenbett/.sdkman/candidates/java/11.0.7.hs-adpt"/>
    <property name="user.language" value="en"/>
    <property name="java.specification.vendor" value="Oracle Corporation"/>
    <property name="awt.toolkit" value="sun.awt.X11.XToolkit"/>
    <property name="java.vm.info" value="mixed mode"/>
    <property name="java.version" value="11.0.7"/>
    <property name="securerandom.source" value="file:/dev/./urandom"/>
    <property name="java.vendor" value="AdoptOpenJDK"/>
    <property name="maven.home" value="/usr/share/maven"/>
    <property name="file.separator" value="/"/>
    <property name="java.version.date" value="2020-04-14"/>
    <property name="java.vendor.url.bug" value="https://github.com/AdoptOpenJDK/openjdk-support/issues"/>
    <property name="sun.io.unicode.encoding" value="UnicodeLittle"/>
    <property name="sun.cpu.endian" value="little"/>
    <property name="java.vendor.version" value="AdoptOpenJDK"/>
    <property name="sun.desktop" value="gnome"/>
    <property name="sun.cpu.isalist" value=""/>
  </properties>
  <testcase classname="models.EndangeredAnimalTest" name="update_endangeredAnimalInstanceIsUpdatedCorrectly" time="0.062"/>
  <testcase classname="models.EndangeredAnimalTest" name="save_nameCannotBeNull" time="0.009">
    <error type="java.lang.NullPointerException">java.lang.NullPointerException
	at models.Animal.&lt;init&gt;(Animal.java:17)
	at models.EndangeredAnimal.&lt;init&gt;(EndangeredAnimal.java:16)
	at models.EndangeredAnimalTest.save_nameCannotBeNull(EndangeredAnimalTest.java:63)
	at java.base/jdk.internal.reflect.NativeMethodAccessorImpl.invoke0(Native Method)
	at java.base/jdk.internal.reflect.NativeMethodAccessorImpl.invoke(NativeMethodAccessorImpl.java:62)
	at java.base/jdk.internal.reflect.DelegatingMethodAccessorImpl.invoke(DelegatingMethodAccessorImpl.java:43)
	at java.base/java.lang.reflect.Method.invoke(Method.java:566)
	at org.junit.runners.model.FrameworkMethod$1.runReflectiveCall(FrameworkMethod.java:50)
	at org.junit.internal.runners.model.ReflectiveCallable.run(ReflectiveCallable.java:12)
	at org.junit.runners.model.FrameworkMethod.invokeExplosively(FrameworkMethod.java:47)
	at org.junit.internal.runners.statements.InvokeMethod.evaluate(InvokeMethod.java:17)
	at org.junit.rules.ExternalResource$1.evaluate(ExternalResource.java:48)
	at org.junit.rules.RunRules.evaluate(RunRules.java:20)
	at org.junit.runners.ParentRunner.runLeaf(ParentRunner.java:325)
	at org.junit.runners.BlockJUnit4ClassRunner.runChild(BlockJUnit4ClassRunner.java:78)
	at org.junit.runners.BlockJUnit4ClassRunner.runChild(BlockJUnit4ClassRunner.java:57)
	at org.junit.runners.ParentRunner$3.run(ParentRunner.java:290)
	at org.junit.runners.ParentRunner$1.schedule(ParentRunner.java:71)
	at org.junit.runners.ParentRunner.runChildren(ParentRunner.java:288)
	at org.junit.runners.ParentRunner.access$000(ParentRunner.java:58)
	at org.junit.runners.ParentRunner$2.evaluate(ParentRunner.java:268)
	at org.junit.runners.ParentRunner.run(ParentRunner.java:363)
	at org.apache.maven.surefire.junit4.JUnit4Provider.execute(JUnit4Provider.java:252)
	at org.apache.maven.surefire.junit4.JUnit4Provider.executeTestSet(JUnit4Provider.java:141)
	at org.apache.maven.surefire.junit4.JUnit4Provider.invoke(JUnit4Provider.java:112)
	at java.base/jdk.internal.reflect.NativeMethodAccessorImpl.invoke0(Native Method)
	at java.base/jdk.internal.reflect.NativeMethodAccessorImpl.invoke(NativeMethodAccessorImpl.java:62)
	at java.base/jdk.internal.reflect.DelegatingMethodAccessorImpl.invoke(DelegatingMethodAccessorImpl.java:43)
	at java.base/java.lang.reflect.Method.invoke(Method.java:566)
	at org.apache.maven.surefire.util.ReflectionUtils.invokeMethodWithArray(ReflectionUtils.java:189)
	at org.apache.maven.surefire.booter.ProviderFactory$ProviderProxy.invoke(ProviderFactory.java:165)
	at org.apache.maven.surefire.booter.ProviderFactory.invokeProvider(ProviderFactory.java:85)
	at org.apache.maven.surefire.booter.ForkedBooter.runSuitesInProcess(ForkedBooter.java:115)
	at org.apache.maven.surefire.booter.ForkedBooter.main(ForkedBooter.java:75)
</error>
  </testcase>
  <testcase classname="models.EndangeredAnimalTest" name="save_throwsExceptionIfNameNull" time="0.005"/>
  <testcase classname="models.EndangeredAnimalTest" name="getAge_newEndangeredAnimalInstantiatesCorrectlyWithAge" time="0.006"/>
  <testcase classname="models.EndangeredAnimalTest" name="deleteById_animalInstanceDeletedCorrectlyById" time="0.113"/>
  <testcase classname="models.EndangeredAnimalTest" name="findSightings_sightingsRelatedToAnimalInstanceCanBeFound" time="0.077"/>
  <testcase classname="models.EndangeredAnimalTest" name="clearAll_nothingReturnsFromClearedTable" time="0.035"/>
  <testcase classname="models.EndangeredAnimalTest" name="save_endangeredAnimalIsSavedCorrectlyOnEntry" time="0.031"/>
  <testcase classname="models.EndangeredAnimalTest" name="update_nameCannotBeNull" time="0.022"/>
  <testcase classname="models.EndangeredAnimalTest" name="getHealth_newEndangeredAnimalInstantiatesCorrectlyWithAge" time="0.014"/>
  <testcase classname="models.EndangeredAnimalTest" name="update_throwsExceptionIfNameNull" time="0.019"/>
  <testcase classname="models.EndangeredAnimalTest" name="findById_savedEndangeredCanBeFoundById" time="0.033"/>
  <testcase classname="models.EndangeredAnimalTest" name="equal_endangeredAnimalsWithSameNameHealthAndAge" time="0.007"/>
  <testcase classname="models.EndangeredAnimalTest" name="getType_newEndangeredAnimalInstantiatesCorrectlyWithType" time="0.007"/>
  <testcase classname="models.EndangeredAnimalTest" name="allEndangered_allSavedEndangeredAnimalsReturnedCorrectly" time="0.063"/>
  <testcase classname="models.EndangeredAnimalTest" name="save_assignsIdToEndangeredAnimal" time="0.033"/>
  <testcase classname="models.EndangeredAnimalTest" name="newEndangeredAnimal_newEndangeredAnimalInstantiatesCorrectly" time="0.01"/>
  <testcase classname="models.EndangeredAnimalTest" name="getName_instantiatesCorrectlyWithId" time="0.007"/>
</testsuite>